{
  "stats": {
    "suites": 1,
    "tests": 1,
    "passes": 1,
    "pending": 0,
    "failures": 0,
    "start": "2025-05-19T17:22:30.852Z",
    "end": "2025-05-19T17:22:40.236Z",
    "duration": 9384,
    "testsRegistered": 1,
    "passPercent": 100,
    "pendingPercent": 0,
    "other": 0,
    "hasOther": false,
    "skipped": 0,
    "hasSkipped": false
  },
  "results": [
    {
      "uuid": "628eccdd-9d67-442e-b07d-b76782215fdb",
      "title": "",
      "fullFile": "E:\\Selenium_Javascript\\test\\Hovers.js",
      "file": "\\test\\Hovers.js",
      "beforeHooks": [],
      "afterHooks": [],
      "tests": [],
      "suites": [
        {
          "uuid": "59b21526-d0f7-4083-8c53-5db5118a7b4a",
          "title": "Test cases for Hovers",
          "fullFile": "E:\\Selenium_Javascript\\test\\Hovers.js",
          "file": "\\test\\Hovers.js",
          "beforeHooks": [
            {
              "title": "\"before all\" hook in \"Test cases for Hovers\"",
              "fullTitle": "Test cases for Hovers \"before all\" hook in \"Test cases for Hovers\"",
              "timedOut": null,
              "duration": 236,
              "state": null,
              "speed": null,
              "pass": false,
              "fail": false,
              "pending": null,
              "context": null,
              "code": "driver = new Builder().forBrowser(\"chrome\").build();",
              "err": {},
              "uuid": "5ce69def-7ef4-41ea-9d40-044a69d0ec9b",
              "parentUUID": null,
              "isHook": true,
              "skipped": false
            }
          ],
          "afterHooks": [
            {
              "title": "\"after all\" hook in \"Test cases for Hovers\"",
              "fullTitle": "Test cases for Hovers \"after all\" hook in \"Test cases for Hovers\"",
              "timedOut": null,
              "duration": 108,
              "state": null,
              "speed": null,
              "pass": false,
              "fail": false,
              "pending": null,
              "context": null,
              "code": "await driver.quit();",
              "err": {},
              "uuid": "2f475aea-7593-48ae-80b2-6856dbf813d5",
              "parentUUID": null,
              "isHook": true,
              "skipped": false
            }
          ],
          "tests": [
            {
              "title": "Hovers",
              "fullTitle": "Test cases for Hovers Hovers",
              "timedOut": null,
              "duration": 8651,
              "state": "passed",
              "speed": "slow",
              "pass": true,
              "fail": false,
              "pending": false,
              "context": null,
              "code": "try {\n        await driver.manage().window().maximize();\n        await driver.get(\"https://the-internet.herokuapp.com/\");\n        await driver.findElement(By.linkText(\"Hovers\")).click();\n        await driver.wait(until.elementLocated(By.xpath(\"//h3[contains(text(),'Hovers')]\")), 10000);\n        let text= await driver.findElement(By.xpath(\"//h3[contains(text(),'Hovers')]\")).getText();\n        // assert.strictEqual(text, \"Hovers\");\n        chai.expect(text).to.equal(\"Hovers\");\n        console.log(\"Hovers page is displayed\");\n        let hoverElement = await driver.findElement(By.xpath(\"//*[@class='example']/div[2]\"));\n        const action = driver.actions({async: true});\n        await action.move({ origin: hoverElement }).perform();\n        // await action.click().perform();\n        await driver.wait(until.elementLocated(By.xpath(\"//h5[contains(text(),'name: user2')]\")), 10000);\n        let username = await driver.findElement(By.xpath(\"//h5[contains(text(),'name: user2')]\")).getText();\n        console.log(username);\n        chai.expect(username).to.equal(\"name: user2\");\n        console.log(\"User2 is displayed\");\n    }catch (error) {\n        console.error(error);\n        throw error;\n    }",
              "err": {},
              "uuid": "34456aef-9257-4d52-985f-0204352e9eb7",
              "parentUUID": null,
              "isHook": false,
              "skipped": false
            }
          ],
          "suites": [],
          "passes": [
            "34456aef-9257-4d52-985f-0204352e9eb7"
          ],
          "failures": [],
          "pending": [],
          "skipped": [],
          "duration": 8651,
          "root": false,
          "rootEmpty": false,
          "_timeout": null
        }
      ],
      "passes": [],
      "failures": [],
      "pending": [],
      "skipped": [],
      "duration": 0,
      "root": true,
      "rootEmpty": true,
      "_timeout": 0
    }
  ],
  "meta": {
    "mocha": {
      "version": "11.2.2"
    },
    "mochawesome": {
      "options": {
        "quiet": false,
        "reportFilename": "E:/Selenium_Javascript/testReports/testResults",
        "saveHtml": true,
        "saveJson": true,
        "consoleReporter": "spec",
        "useInlineDiffs": false,
        "code": true
      },
      "version": "7.1.3"
    },
    "marge": {
      "options": {
        "reportDir": "E:/Selenium_Javascript/mochawesome-report",
        "reportFilename": "E:/Selenium_Javascript/testReports/testResults"
      },
      "version": "6.2.0"
    }
  }
}