{
  "stats": {
    "suites": 1,
    "tests": 1,
    "passes": 1,
    "pending": 0,
    "failures": 0,
    "start": "2025-05-19T17:43:46.176Z",
    "end": "2025-05-19T17:43:53.260Z",
    "duration": 7084,
    "testsRegistered": 1,
    "passPercent": 100,
    "pendingPercent": 0,
    "other": 0,
    "hasOther": false,
    "skipped": 0,
    "hasSkipped": false
  },
  "results": [
    {
      "uuid": "b73ed7fa-8eb0-4ebf-bdf5-cec5f4e4f3d4",
      "title": "",
      "fullFile": "E:\\Selenium_Javascript\\test\\windowsHandling.js",
      "file": "\\test\\windowsHandling.js",
      "beforeHooks": [],
      "afterHooks": [],
      "tests": [],
      "suites": [
        {
          "uuid": "641d43b1-8cb4-4cb2-bcaa-050f3a098519",
          "title": "Test cases for Windows Handling",
          "fullFile": "E:\\Selenium_Javascript\\test\\windowsHandling.js",
          "file": "\\test\\windowsHandling.js",
          "beforeHooks": [
            {
              "title": "\"before all\" hook in \"Test cases for Windows Handling\"",
              "fullTitle": "Test cases for Windows Handling \"before all\" hook in \"Test cases for Windows Handling\"",
              "timedOut": null,
              "duration": 274,
              "state": null,
              "speed": null,
              "pass": false,
              "fail": false,
              "pending": null,
              "context": null,
              "code": "driver = new Builder().forBrowser(\"chrome\").build();",
              "err": {},
              "uuid": "2ac008e8-6cf9-499c-8da4-0e4e60bfab4d",
              "parentUUID": null,
              "isHook": true,
              "skipped": false
            }
          ],
          "afterHooks": [
            {
              "title": "\"after all\" hook in \"Test cases for Windows Handling\"",
              "fullTitle": "Test cases for Windows Handling \"after all\" hook in \"Test cases for Windows Handling\"",
              "timedOut": null,
              "duration": 83,
              "state": null,
              "speed": null,
              "pass": false,
              "fail": false,
              "pending": null,
              "context": null,
              "code": "await driver.quit();",
              "err": {},
              "uuid": "e63ee973-802c-4810-a9b6-32328da9b8e2",
              "parentUUID": null,
              "isHook": true,
              "skipped": false
            }
          ],
          "tests": [
            {
              "title": "Windows Handling",
              "fullTitle": "Test cases for Windows Handling Windows Handling",
              "timedOut": null,
              "duration": 6337,
              "state": "passed",
              "speed": "slow",
              "pass": true,
              "fail": false,
              "pending": false,
              "context": null,
              "code": "try {\n    await driver.manage().window().maximize();\n    await driver.get(\"https://the-internet.herokuapp.com/\");\n    await driver.findElement(By.linkText(\"Multiple Windows\")).click();\n    await driver.wait(\n      until.elementLocated(By.xpath(\"//div[@class='example']/h3\")),\n      10000\n    );\n    let text = await driver\n      .findElement(By.xpath(\"//div[@class='example']/h3\"))\n      .getText();\n    expect(text).to.equal(\"Opening a new window\");\n    console.log(\"'Opening a new window' page is displayed\");\n    await driver.findElement(By.linkText(\"Click Here\")).click();\n    let handles = await driver.getAllWindowHandles();\n    console.log(handles);\n    // switch to the new window\n    await driver.switchTo().window(handles[1]);\n    let newWindowTitle= await driver.getTitle();\n    console.log(newWindowTitle);\n    expect(newWindowTitle).to.equal(\"New Window\");\n    console.log(\"New Window page is displayed\");\n} catch (error) {\n    console.error(error);\n    throw error;\n}",
              "err": {},
              "uuid": "3e176ea2-b0de-4653-8bac-31cbd8047150",
              "parentUUID": null,
              "isHook": false,
              "skipped": false
            }
          ],
          "suites": [],
          "passes": [
            "3e176ea2-b0de-4653-8bac-31cbd8047150"
          ],
          "failures": [],
          "pending": [],
          "skipped": [],
          "duration": 6337,
          "root": false,
          "rootEmpty": false,
          "_timeout": null
        }
      ],
      "passes": [],
      "failures": [],
      "pending": [],
      "skipped": [],
      "duration": 0,
      "root": true,
      "rootEmpty": true,
      "_timeout": 0
    }
  ],
  "meta": {
    "mocha": {
      "version": "11.2.2"
    },
    "mochawesome": {
      "options": {
        "quiet": false,
        "reportFilename": "E:/Selenium_Javascript/testReports/testResults",
        "saveHtml": true,
        "saveJson": true,
        "consoleReporter": "spec",
        "useInlineDiffs": false,
        "code": true
      },
      "version": "7.1.3"
    },
    "marge": {
      "options": {
        "reportDir": "E:/Selenium_Javascript/mochawesome-report",
        "reportFilename": "E:/Selenium_Javascript/testReports/testResults"
      },
      "version": "6.2.0"
    }
  }
}