{
  "stats": {
    "suites": 1,
    "tests": 2,
    "passes": 2,
    "pending": 0,
    "failures": 0,
    "start": "2025-05-19T16:29:49.629Z",
    "end": "2025-05-19T16:29:55.562Z",
    "duration": 5933,
    "testsRegistered": 2,
    "passPercent": 100,
    "pendingPercent": 0,
    "other": 0,
    "hasOther": false,
    "skipped": 0,
    "hasSkipped": false
  },
  "results": [
    {
      "uuid": "8a666d70-8ff5-416e-8a2f-2ac90cc27055",
      "title": "",
      "fullFile": "E:\\Selenium_Javascript\\test\\waits.js",
      "file": "\\test\\waits.js",
      "beforeHooks": [],
      "afterHooks": [],
      "tests": [],
      "suites": [
        {
          "uuid": "abf09552-4d9c-4c59-81ba-5e1f04018cc3",
          "title": "Test cases for Waits",
          "fullFile": "E:\\Selenium_Javascript\\test\\waits.js",
          "file": "\\test\\waits.js",
          "beforeHooks": [
            {
              "title": "\"before all\" hook in \"Test cases for Waits\"",
              "fullTitle": "Test cases for Waits \"before all\" hook in \"Test cases for Waits\"",
              "timedOut": null,
              "duration": 243,
              "state": null,
              "speed": null,
              "pass": false,
              "fail": false,
              "pending": null,
              "context": null,
              "code": "driver = new Builder().forBrowser(\"chrome\").build();",
              "err": {},
              "uuid": "f7aaa32a-c0c6-479f-825e-eafa4ee43604",
              "parentUUID": null,
              "isHook": true,
              "skipped": false
            }
          ],
          "afterHooks": [
            {
              "title": "\"after all\" hook in \"Test cases for Waits\"",
              "fullTitle": "Test cases for Waits \"after all\" hook in \"Test cases for Waits\"",
              "timedOut": null,
              "duration": 90,
              "state": null,
              "speed": null,
              "pass": false,
              "fail": false,
              "pending": null,
              "context": null,
              "code": "await driver.quit();",
              "err": {},
              "uuid": "81f80db5-469a-420f-bcc2-4f9d94231f09",
              "parentUUID": null,
              "isHook": true,
              "skipped": false
            }
          ],
          "tests": [
            {
              "title": "Implicit Wait",
              "fullTitle": "Test cases for Waits Implicit Wait",
              "timedOut": null,
              "duration": 4401,
              "state": "passed",
              "speed": "slow",
              "pass": true,
              "fail": false,
              "pending": false,
              "context": null,
              "code": "try {\n  console.log(\"wait file running\");\n  // driver.manage().window().maximize();\n  driver.get(\n    \"https://practicetestautomation.com/practice-test-login/\"\n    );\n    driver.manage().window().maximize();\n  //   Using Implicit wait, which is set for the entire session\n  await driver.manage().setTimeouts({ implicit: 1000 });\n  await driver\n    .findElement(By.id(\"username\"))\n    .sendKeys(\"student\", Key.RETURN);\n  await driver\n    .findElement(By.id(\"password\"))\n    .sendKeys(\"Password123\", Key.RETURN);\n  await driver.findElement(By.id(\"submit\")).click();\n  let text = await driver\n    .findElement(By.xpath(\"//h1[@class='post-title']\"))\n    .getText();\n  expect(text).to.equal(\"Logged In Successfully\");\n  console.log(\"Login Successful\");\n} catch (error) {\n    console.error(error);\n    throw error;\n}",
              "err": {},
              "uuid": "14825a65-31a7-4fc3-ab6b-1431afd45526",
              "parentUUID": null,
              "isHook": false,
              "skipped": false
            },
            {
              "title": "Explicit Wait",
              "fullTitle": "Test cases for Waits Explicit Wait",
              "timedOut": null,
              "duration": 818,
              "state": "passed",
              "speed": "slow",
              "pass": true,
              "fail": false,
              "pending": false,
              "context": null,
              "code": "try {\n    console.log(\"Explicit wait test case running\");\n    // driver.manage().window().maximize();\n    driver.get(\n        \"https://practicetestautomation.com/practice-test-login/\"\n    );\n    driver.manage().window().maximize();\n    await driver\n        .findElement(By.id(\"username\"))\n        .sendKeys(\"student\", Key.RETURN);\n    await driver\n        .findElement(By.id(\"password\"))\n        .sendKeys(\"Password123\", Key.RETURN);\n    await driver.findElement(By.id(\"submit\")).click();\n    // Using Explicit wait, which is set for a specific element\n    // wait for the element to be present\n    await driver.wait(until.elementLocated(By.xpath(\"//h1[@class='post-title']\")), 10000);\n    let text = await driver\n        .findElement(By.xpath(\"//h1[@class='post-title']\")).getText();\n    expect(text).to.equal(\"Logged In Successfully\");\n}\ncatch (error) {\n    console.error(error);\n    throw error;\n}",
              "err": {},
              "uuid": "9f322cc5-816e-4b20-8b04-fd4892eb8e3b",
              "parentUUID": null,
              "isHook": false,
              "skipped": false
            }
          ],
          "suites": [],
          "passes": [
            "14825a65-31a7-4fc3-ab6b-1431afd45526",
            "9f322cc5-816e-4b20-8b04-fd4892eb8e3b"
          ],
          "failures": [],
          "pending": [],
          "skipped": [],
          "duration": 5219,
          "root": false,
          "rootEmpty": false,
          "_timeout": null
        }
      ],
      "passes": [],
      "failures": [],
      "pending": [],
      "skipped": [],
      "duration": 0,
      "root": true,
      "rootEmpty": true,
      "_timeout": 0
    }
  ],
  "meta": {
    "mocha": {
      "version": "11.2.2"
    },
    "mochawesome": {
      "options": {
        "quiet": false,
        "reportFilename": "E:/Selenium_Javascript/testReports/testResults",
        "saveHtml": true,
        "saveJson": true,
        "consoleReporter": "spec",
        "useInlineDiffs": false,
        "code": true
      },
      "version": "7.1.3"
    },
    "marge": {
      "options": {
        "reportDir": "E:/Selenium_Javascript/mochawesome-report",
        "reportFilename": "E:/Selenium_Javascript/testReports/testResults"
      },
      "version": "6.2.0"
    }
  }
}